PLINK v1.90b6.21 64-bit (19 Oct 2020)
Options in effect:
  --allow-no-sex
  --bfile dis_calc/testsample
  --exclude dis_calc/merged-merge.missnp
  --extract dis_calc/keep.txt
  --make-bed
  --out dis_calc/plink_dataset_new

Hostname: quirin-0-1
Working directory: /media/quirin/INTENSO/dis_calc_application
Start time: Mon Apr 26 11:27:06 2021

Random number seed: 1619436426
7698 MB RAM detected; reserving 3849 MB for main workspace.
Allocated 2886 MB successfully, after larger attempt(s) failed.
690842 variants loaded from .bim file.
1 person (0 males, 0 females, 1 ambiguous) loaded from .fam.
Ambiguous sex ID written to dis_calc/plink_dataset_new.nosex .
1 phenotype value loaded from .fam.
--extract: 180 variants remaining.
Error: Failed to open dis_calc/merged-merge.missnp.

End time: Mon Apr 26 11:27:06 2021
